16-Apr-2019 18:05:55.869 情報 [main] org.apache.catalina.startup.VersionLoggerListener.log Server version:        Apache Tomcat/8.5.34
16-Apr-2019 18:05:55.876 情報 [main] org.apache.catalina.startup.VersionLoggerListener.log Server built:          Sep 4 2018 22:28:22 UTC
16-Apr-2019 18:05:55.877 情報 [main] org.apache.catalina.startup.VersionLoggerListener.log Server number:         8.5.34.0
16-Apr-2019 18:05:55.877 情報 [main] org.apache.catalina.startup.VersionLoggerListener.log OS Name:               Windows 10
16-Apr-2019 18:05:55.877 情報 [main] org.apache.catalina.startup.VersionLoggerListener.log OS Version:            10.0
16-Apr-2019 18:05:55.878 情報 [main] org.apache.catalina.startup.VersionLoggerListener.log Architecture:          amd64
16-Apr-2019 18:05:55.878 情報 [main] org.apache.catalina.startup.VersionLoggerListener.log Java Home:             C:\Program Files\Java\jre1.8.0_191
16-Apr-2019 18:05:55.878 情報 [main] org.apache.catalina.startup.VersionLoggerListener.log JVM Version:           1.8.0_191-b12
16-Apr-2019 18:05:55.878 情報 [main] org.apache.catalina.startup.VersionLoggerListener.log JVM Vendor:            Oracle Corporation
16-Apr-2019 18:05:55.878 情報 [main] org.apache.catalina.startup.VersionLoggerListener.log CATALINA_BASE:         C:\Users\m-tys\Desktop\mizouchi\research\workspace\PADLA\release\apache-tomcat-8.5.34
16-Apr-2019 18:05:55.879 情報 [main] org.apache.catalina.startup.VersionLoggerListener.log CATALINA_HOME:         C:\Users\m-tys\Desktop\mizouchi\research\workspace\PADLA\release\apache-tomcat-8.5.34
16-Apr-2019 18:05:55.879 情報 [main] org.apache.catalina.startup.VersionLoggerListener.log Command line argument: -Djava.util.logging.config.file=C:\Users\m-tys\Desktop\mizouchi\research\workspace\PADLA\release\apache-tomcat-8.5.34\conf\logging.properties
16-Apr-2019 18:05:55.880 情報 [main] org.apache.catalina.startup.VersionLoggerListener.log Command line argument: -Djava.util.logging.manager=org.apache.juli.ClassLoaderLogManager
16-Apr-2019 18:05:55.880 情報 [main] org.apache.catalina.startup.VersionLoggerListener.log Command line argument: -Dlog4j.configurationFile=file://C:\Users\m-tys\Desktop\mizouchi\research\workspace\PADLA\release\apache-tomcat-8.5.34/conf/log4j2_for_AdapterMode.xml
16-Apr-2019 18:05:55.881 情報 [main] org.apache.catalina.startup.VersionLoggerListener.log Command line argument: -Djdk.tls.ephemeralDHKeySize=2048
16-Apr-2019 18:05:55.881 情報 [main] org.apache.catalina.startup.VersionLoggerListener.log Command line argument: -Djava.protocol.handler.pkgs=org.apache.catalina.webresources
16-Apr-2019 18:05:55.882 情報 [main] org.apache.catalina.startup.VersionLoggerListener.log Command line argument: -javaagent:..\HeijoAgent\HeijoAgent.jar=target=jpetstore_plus_tomcat-juli.jar,learningData=..\outputs\vectors.txt,bufferOutput=..\outputs\buffer.txt,buffer=300,interval=5
16-Apr-2019 18:05:55.883 情報 [main] org.apache.catalina.startup.VersionLoggerListener.log Command line argument: -Dignore.endorsed.dirs=
16-Apr-2019 18:05:55.883 情報 [main] org.apache.catalina.startup.VersionLoggerListener.log Command line argument: -Dcatalina.base=C:\Users\m-tys\Desktop\mizouchi\research\workspace\PADLA\release\apache-tomcat-8.5.34
16-Apr-2019 18:05:55.884 情報 [main] org.apache.catalina.startup.VersionLoggerListener.log Command line argument: -Dcatalina.home=C:\Users\m-tys\Desktop\mizouchi\research\workspace\PADLA\release\apache-tomcat-8.5.34
16-Apr-2019 18:05:55.885 情報 [main] org.apache.catalina.startup.VersionLoggerListener.log Command line argument: -Djava.io.tmpdir=C:\Users\m-tys\Desktop\mizouchi\research\workspace\PADLA\release\apache-tomcat-8.5.34\temp
16-Apr-2019 18:05:55.885 情報 [main] org.apache.catalina.core.AprLifecycleListener.lifecycleEvent The APR based Apache Tomcat Native library which allows optimal performance in production environments was not found on the java.library.path: [C:\Program Files\Java\jre1.8.0_191\bin;C:\WINDOWS\Sun\Java\bin;C:\WINDOWS\system32;C:\WINDOWS;C:\Program Files\Java\jdk1.8.0_191\bin;C:\Program Files (x86)\Common Files\Oracle\Java\javapath;C:\WINDOWS\system32;C:\WINDOWS;C:\WINDOWS\System32\Wbem;C:\WINDOWS\System32\WindowsPowerShell\v1.0\;C:\Program Files\Git\cmd;C:\WINDOWS\System32\OpenSSH\;C:\Program Files\Microsoft VS Code\bin;C:\xampp\apache\bin;C:\Program Files (x86)\Kensington\TrackballWorks;C:\Program Files\nodejs\;C:\Users\m-tys\Anaconda3;C:\Users\m-tys\Anaconda3\Library\mingw-w64\bin;C:\Users\m-tys\Anaconda3\Library\usr\bin;C:\Users\m-tys\Anaconda3\Library\bin;C:\Users\m-tys\Anaconda3\Scripts;C:\Users\m-tys\AppData\Local\Microsoft\WindowsApps;C:\Program Files\Microsoft VS Code\bin;"C:\Program Files\Java\jdk1.8.0_191\bin;";C:\Program Files\gradle-4.10.1\bin;C:\Users\m-tys\AppData\Local\Android\Sdk\tools\bin;C:\Users\m-tys\AppData\Roaming\npm;.]
16-Apr-2019 18:05:55.998 情報 [main] org.apache.coyote.AbstractProtocol.init Initializing ProtocolHandler ["http-nio-8080"]
16-Apr-2019 18:05:56.129 情報 [main] org.apache.tomcat.util.net.NioSelectorPool.getSharedSelector Using a shared selector for servlet write/read
16-Apr-2019 18:05:56.142 情報 [main] org.apache.coyote.AbstractProtocol.init Initializing ProtocolHandler ["ajp-nio-8009"]
16-Apr-2019 18:05:56.144 情報 [main] org.apache.tomcat.util.net.NioSelectorPool.getSharedSelector Using a shared selector for servlet write/read
16-Apr-2019 18:05:56.145 情報 [main] org.apache.catalina.startup.Catalina.load Initialization processed in 577 ms
16-Apr-2019 18:05:56.168 情報 [main] org.apache.catalina.core.StandardService.startInternal サービス [Catalina] を起動します
16-Apr-2019 18:05:56.169 情報 [main] org.apache.catalina.core.StandardEngine.startInternal Starting Servlet Engine: Apache Tomcat/8.5.34
16-Apr-2019 18:05:56.193 情報 [localhost-startStop-1] org.apache.catalina.startup.HostConfig.deployDirectory Webアプリケーションディレクトリ [C:\Users\m-tys\Desktop\mizouchi\research\workspace\PADLA\release\apache-tomcat-8.5.34\webapps\docs] を配備します
16-Apr-2019 18:05:56.421 情報 [localhost-startStop-1] org.apache.jasper.servlet.TldScanner.scanJars At least one JAR was scanned for TLDs yet contained no TLDs. Enable debug logging for this logger for a complete list of JARs that were scanned but no TLDs were found in them. Skipping unneeded JARs during scanning can improve startup time and JSP compilation time.
16-Apr-2019 18:05:56.458 情報 [localhost-startStop-1] org.apache.catalina.startup.HostConfig.deployDirectory Deployment of web application directory [C:\Users\m-tys\Desktop\mizouchi\research\workspace\PADLA\release\apache-tomcat-8.5.34\webapps\docs] has finished in [264] ms
16-Apr-2019 18:05:56.459 情報 [localhost-startStop-1] org.apache.catalina.startup.HostConfig.deployDirectory Webアプリケーションディレクトリ [C:\Users\m-tys\Desktop\mizouchi\research\workspace\PADLA\release\apache-tomcat-8.5.34\webapps\examples] を配備します
16-Apr-2019 18:05:56.751 情報 [localhost-startStop-1] org.apache.jasper.servlet.TldScanner.scanJars At least one JAR was scanned for TLDs yet contained no TLDs. Enable debug logging for this logger for a complete list of JARs that were scanned but no TLDs were found in them. Skipping unneeded JARs during scanning can improve startup time and JSP compilation time.
16-Apr-2019 18:05:56.795 情報 [localhost-startStop-1] org.apache.catalina.startup.HostConfig.deployDirectory Deployment of web application directory [C:\Users\m-tys\Desktop\mizouchi\research\workspace\PADLA\release\apache-tomcat-8.5.34\webapps\examples] has finished in [336] ms
16-Apr-2019 18:05:56.796 情報 [localhost-startStop-1] org.apache.catalina.startup.HostConfig.deployDirectory Webアプリケーションディレクトリ [C:\Users\m-tys\Desktop\mizouchi\research\workspace\PADLA\release\apache-tomcat-8.5.34\webapps\host-manager] を配備します
16-Apr-2019 18:05:56.836 情報 [localhost-startStop-1] org.apache.jasper.servlet.TldScanner.scanJars At least one JAR was scanned for TLDs yet contained no TLDs. Enable debug logging for this logger for a complete list of JARs that were scanned but no TLDs were found in them. Skipping unneeded JARs during scanning can improve startup time and JSP compilation time.
16-Apr-2019 18:05:56.839 情報 [localhost-startStop-1] org.apache.catalina.startup.HostConfig.deployDirectory Deployment of web application directory [C:\Users\m-tys\Desktop\mizouchi\research\workspace\PADLA\release\apache-tomcat-8.5.34\webapps\host-manager] has finished in [43] ms
16-Apr-2019 18:05:56.845 情報 [localhost-startStop-1] org.apache.catalina.startup.HostConfig.deployDirectory Webアプリケーションディレクトリ [C:\Users\m-tys\Desktop\mizouchi\research\workspace\PADLA\release\apache-tomcat-8.5.34\webapps\jpetstore] を配備します
16-Apr-2019 18:05:58.596 情報 [localhost-startStop-1] org.apache.jasper.servlet.TldScanner.scanJars At least one JAR was scanned for TLDs yet contained no TLDs. Enable debug logging for this logger for a complete list of JARs that were scanned but no TLDs were found in them. Skipping unneeded JARs during scanning can improve startup time and JSP compilation time.
16-Apr-2019 18:06:02.903 情報 [localhost-startStop-1] org.apache.catalina.startup.HostConfig.deployDirectory Deployment of web application directory [C:\Users\m-tys\Desktop\mizouchi\research\workspace\PADLA\release\apache-tomcat-8.5.34\webapps\jpetstore] has finished in [6,058] ms
16-Apr-2019 18:06:02.904 情報 [localhost-startStop-1] org.apache.catalina.startup.HostConfig.deployDirectory Webアプリケーションディレクトリ [C:\Users\m-tys\Desktop\mizouchi\research\workspace\PADLA\release\apache-tomcat-8.5.34\webapps\manager] を配備します
16-Apr-2019 18:06:02.940 情報 [localhost-startStop-1] org.apache.jasper.servlet.TldScanner.scanJars At least one JAR was scanned for TLDs yet contained no TLDs. Enable debug logging for this logger for a complete list of JARs that were scanned but no TLDs were found in them. Skipping unneeded JARs during scanning can improve startup time and JSP compilation time.
16-Apr-2019 18:06:02.943 情報 [localhost-startStop-1] org.apache.catalina.startup.HostConfig.deployDirectory Deployment of web application directory [C:\Users\m-tys\Desktop\mizouchi\research\workspace\PADLA\release\apache-tomcat-8.5.34\webapps\manager] has finished in [39] ms
16-Apr-2019 18:06:02.945 情報 [localhost-startStop-1] org.apache.catalina.startup.HostConfig.deployDirectory Webアプリケーションディレクトリ [C:\Users\m-tys\Desktop\mizouchi\research\workspace\PADLA\release\apache-tomcat-8.5.34\webapps\ROOT] を配備します
16-Apr-2019 18:06:02.979 情報 [localhost-startStop-1] org.apache.jasper.servlet.TldScanner.scanJars At least one JAR was scanned for TLDs yet contained no TLDs. Enable debug logging for this logger for a complete list of JARs that were scanned but no TLDs were found in them. Skipping unneeded JARs during scanning can improve startup time and JSP compilation time.
16-Apr-2019 18:06:02.981 情報 [localhost-startStop-1] org.apache.catalina.startup.HostConfig.deployDirectory Deployment of web application directory [C:\Users\m-tys\Desktop\mizouchi\research\workspace\PADLA\release\apache-tomcat-8.5.34\webapps\ROOT] has finished in [36] ms
16-Apr-2019 18:06:02.988 情報 [main] org.apache.coyote.AbstractProtocol.start Starting ProtocolHandler ["http-nio-8080"]
16-Apr-2019 18:06:03.006 情報 [main] org.apache.coyote.AbstractProtocol.start Starting ProtocolHandler ["ajp-nio-8009"]
16-Apr-2019 18:06:03.009 情報 [main] org.apache.catalina.startup.Catalina.start Server startup in 6864 ms
16-Apr-2019 18:24:17.780 情報 [main] org.apache.catalina.startup.VersionLoggerListener.log Server version:        Apache Tomcat/8.5.34
16-Apr-2019 18:24:17.784 情報 [main] org.apache.catalina.startup.VersionLoggerListener.log Server built:          Sep 4 2018 22:28:22 UTC
16-Apr-2019 18:24:17.785 情報 [main] org.apache.catalina.startup.VersionLoggerListener.log Server number:         8.5.34.0
16-Apr-2019 18:24:17.785 情報 [main] org.apache.catalina.startup.VersionLoggerListener.log OS Name:               Windows 10
16-Apr-2019 18:24:17.786 情報 [main] org.apache.catalina.startup.VersionLoggerListener.log OS Version:            10.0
16-Apr-2019 18:24:17.786 情報 [main] org.apache.catalina.startup.VersionLoggerListener.log Architecture:          amd64
16-Apr-2019 18:24:17.786 情報 [main] org.apache.catalina.startup.VersionLoggerListener.log Java Home:             C:\Program Files\Java\jre1.8.0_191
16-Apr-2019 18:24:17.786 情報 [main] org.apache.catalina.startup.VersionLoggerListener.log JVM Version:           1.8.0_191-b12
16-Apr-2019 18:24:17.786 情報 [main] org.apache.catalina.startup.VersionLoggerListener.log JVM Vendor:            Oracle Corporation
16-Apr-2019 18:24:17.787 情報 [main] org.apache.catalina.startup.VersionLoggerListener.log CATALINA_BASE:         C:\Users\m-tys\Desktop\mizouchi\research\workspace\PADLA\release\apache-tomcat-8.5.34
16-Apr-2019 18:24:17.787 情報 [main] org.apache.catalina.startup.VersionLoggerListener.log CATALINA_HOME:         C:\Users\m-tys\Desktop\mizouchi\research\workspace\PADLA\release\apache-tomcat-8.5.34
16-Apr-2019 18:24:17.787 情報 [main] org.apache.catalina.startup.VersionLoggerListener.log Command line argument: -Djava.util.logging.config.file=C:\Users\m-tys\Desktop\mizouchi\research\workspace\PADLA\release\apache-tomcat-8.5.34\conf\logging.properties
16-Apr-2019 18:24:17.788 情報 [main] org.apache.catalina.startup.VersionLoggerListener.log Command line argument: -Djava.util.logging.manager=org.apache.juli.ClassLoaderLogManager
16-Apr-2019 18:24:17.789 情報 [main] org.apache.catalina.startup.VersionLoggerListener.log Command line argument: -Dlog4j.configurationFile=file://C:\Users\m-tys\Desktop\mizouchi\research\workspace\PADLA\release\apache-tomcat-8.5.34/conf/log4j2_for_AdapterMode.xml
16-Apr-2019 18:24:17.789 情報 [main] org.apache.catalina.startup.VersionLoggerListener.log Command line argument: -Djdk.tls.ephemeralDHKeySize=2048
16-Apr-2019 18:24:17.790 情報 [main] org.apache.catalina.startup.VersionLoggerListener.log Command line argument: -Djava.protocol.handler.pkgs=org.apache.catalina.webresources
16-Apr-2019 18:24:17.790 情報 [main] org.apache.catalina.startup.VersionLoggerListener.log Command line argument: -javaagent:..\HeijoAgent\HeijoAgent.jar=target=jpetstore_plus_tomcat-juli.jar,learningData=..\outputs\vectors.txt,bufferOutput=..\outputs\buffer.txt,buffer=300,interval=5
16-Apr-2019 18:24:17.791 情報 [main] org.apache.catalina.startup.VersionLoggerListener.log Command line argument: -Dignore.endorsed.dirs=
16-Apr-2019 18:24:17.792 情報 [main] org.apache.catalina.startup.VersionLoggerListener.log Command line argument: -Dcatalina.base=C:\Users\m-tys\Desktop\mizouchi\research\workspace\PADLA\release\apache-tomcat-8.5.34
16-Apr-2019 18:24:17.792 情報 [main] org.apache.catalina.startup.VersionLoggerListener.log Command line argument: -Dcatalina.home=C:\Users\m-tys\Desktop\mizouchi\research\workspace\PADLA\release\apache-tomcat-8.5.34
16-Apr-2019 18:24:17.793 情報 [main] org.apache.catalina.startup.VersionLoggerListener.log Command line argument: -Djava.io.tmpdir=C:\Users\m-tys\Desktop\mizouchi\research\workspace\PADLA\release\apache-tomcat-8.5.34\temp
16-Apr-2019 18:24:17.794 情報 [main] org.apache.catalina.core.AprLifecycleListener.lifecycleEvent The APR based Apache Tomcat Native library which allows optimal performance in production environments was not found on the java.library.path: [C:\Program Files\Java\jre1.8.0_191\bin;C:\WINDOWS\Sun\Java\bin;C:\WINDOWS\system32;C:\WINDOWS;C:\Program Files\Java\jdk1.8.0_191\bin;C:\Program Files (x86)\Common Files\Oracle\Java\javapath;C:\WINDOWS\system32;C:\WINDOWS;C:\WINDOWS\System32\Wbem;C:\WINDOWS\System32\WindowsPowerShell\v1.0\;C:\Program Files\Git\cmd;C:\WINDOWS\System32\OpenSSH\;C:\Program Files\Microsoft VS Code\bin;C:\xampp\apache\bin;C:\Program Files (x86)\Kensington\TrackballWorks;C:\Program Files\nodejs\;C:\Users\m-tys\Anaconda3;C:\Users\m-tys\Anaconda3\Library\mingw-w64\bin;C:\Users\m-tys\Anaconda3\Library\usr\bin;C:\Users\m-tys\Anaconda3\Library\bin;C:\Users\m-tys\Anaconda3\Scripts;C:\Users\m-tys\AppData\Local\Microsoft\WindowsApps;C:\Program Files\Microsoft VS Code\bin;"C:\Program Files\Java\jdk1.8.0_191\bin;";C:\Program Files\gradle-4.10.1\bin;C:\Users\m-tys\AppData\Local\Android\Sdk\tools\bin;C:\Users\m-tys\AppData\Roaming\npm;.]
16-Apr-2019 18:24:17.907 情報 [main] org.apache.coyote.AbstractProtocol.init Initializing ProtocolHandler ["http-nio-8080"]
16-Apr-2019 18:24:18.032 情報 [main] org.apache.tomcat.util.net.NioSelectorPool.getSharedSelector Using a shared selector for servlet write/read
16-Apr-2019 18:24:18.038 情報 [main] org.apache.coyote.AbstractProtocol.init Initializing ProtocolHandler ["ajp-nio-8009"]
16-Apr-2019 18:24:18.040 情報 [main] org.apache.tomcat.util.net.NioSelectorPool.getSharedSelector Using a shared selector for servlet write/read
16-Apr-2019 18:24:18.041 情報 [main] org.apache.catalina.startup.Catalina.load Initialization processed in 577 ms
16-Apr-2019 18:24:18.064 情報 [main] org.apache.catalina.core.StandardService.startInternal サービス [Catalina] を起動します
16-Apr-2019 18:24:18.064 情報 [main] org.apache.catalina.core.StandardEngine.startInternal Starting Servlet Engine: Apache Tomcat/8.5.34
16-Apr-2019 18:24:18.077 情報 [localhost-startStop-1] org.apache.catalina.startup.HostConfig.deployDirectory Webアプリケーションディレクトリ [C:\Users\m-tys\Desktop\mizouchi\research\workspace\PADLA\release\apache-tomcat-8.5.34\webapps\docs] を配備します
16-Apr-2019 18:24:18.325 情報 [localhost-startStop-1] org.apache.jasper.servlet.TldScanner.scanJars At least one JAR was scanned for TLDs yet contained no TLDs. Enable debug logging for this logger for a complete list of JARs that were scanned but no TLDs were found in them. Skipping unneeded JARs during scanning can improve startup time and JSP compilation time.
16-Apr-2019 18:24:18.366 情報 [localhost-startStop-1] org.apache.catalina.startup.HostConfig.deployDirectory Deployment of web application directory [C:\Users\m-tys\Desktop\mizouchi\research\workspace\PADLA\release\apache-tomcat-8.5.34\webapps\docs] has finished in [288] ms
16-Apr-2019 18:24:18.366 情報 [localhost-startStop-1] org.apache.catalina.startup.HostConfig.deployDirectory Webアプリケーションディレクトリ [C:\Users\m-tys\Desktop\mizouchi\research\workspace\PADLA\release\apache-tomcat-8.5.34\webapps\examples] を配備します
16-Apr-2019 18:24:18.693 情報 [localhost-startStop-1] org.apache.jasper.servlet.TldScanner.scanJars At least one JAR was scanned for TLDs yet contained no TLDs. Enable debug logging for this logger for a complete list of JARs that were scanned but no TLDs were found in them. Skipping unneeded JARs during scanning can improve startup time and JSP compilation time.
16-Apr-2019 18:24:18.742 情報 [localhost-startStop-1] org.apache.catalina.startup.HostConfig.deployDirectory Deployment of web application directory [C:\Users\m-tys\Desktop\mizouchi\research\workspace\PADLA\release\apache-tomcat-8.5.34\webapps\examples] has finished in [376] ms
16-Apr-2019 18:24:18.742 情報 [localhost-startStop-1] org.apache.catalina.startup.HostConfig.deployDirectory Webアプリケーションディレクトリ [C:\Users\m-tys\Desktop\mizouchi\research\workspace\PADLA\release\apache-tomcat-8.5.34\webapps\host-manager] を配備します
16-Apr-2019 18:24:18.784 情報 [localhost-startStop-1] org.apache.jasper.servlet.TldScanner.scanJars At least one JAR was scanned for TLDs yet contained no TLDs. Enable debug logging for this logger for a complete list of JARs that were scanned but no TLDs were found in them. Skipping unneeded JARs during scanning can improve startup time and JSP compilation time.
16-Apr-2019 18:24:18.788 情報 [localhost-startStop-1] org.apache.catalina.startup.HostConfig.deployDirectory Deployment of web application directory [C:\Users\m-tys\Desktop\mizouchi\research\workspace\PADLA\release\apache-tomcat-8.5.34\webapps\host-manager] has finished in [46] ms
16-Apr-2019 18:24:18.788 情報 [localhost-startStop-1] org.apache.catalina.startup.HostConfig.deployDirectory Webアプリケーションディレクトリ [C:\Users\m-tys\Desktop\mizouchi\research\workspace\PADLA\release\apache-tomcat-8.5.34\webapps\jpetstore] を配備します
16-Apr-2019 18:24:20.625 情報 [localhost-startStop-1] org.apache.jasper.servlet.TldScanner.scanJars At least one JAR was scanned for TLDs yet contained no TLDs. Enable debug logging for this logger for a complete list of JARs that were scanned but no TLDs were found in them. Skipping unneeded JARs during scanning can improve startup time and JSP compilation time.
16-Apr-2019 18:24:24.662 情報 [localhost-startStop-1] org.apache.catalina.startup.HostConfig.deployDirectory Deployment of web application directory [C:\Users\m-tys\Desktop\mizouchi\research\workspace\PADLA\release\apache-tomcat-8.5.34\webapps\jpetstore] has finished in [5,874] ms
16-Apr-2019 18:24:24.663 情報 [localhost-startStop-1] org.apache.catalina.startup.HostConfig.deployDirectory Webアプリケーションディレクトリ [C:\Users\m-tys\Desktop\mizouchi\research\workspace\PADLA\release\apache-tomcat-8.5.34\webapps\manager] を配備します
16-Apr-2019 18:24:24.700 情報 [localhost-startStop-1] org.apache.jasper.servlet.TldScanner.scanJars At least one JAR was scanned for TLDs yet contained no TLDs. Enable debug logging for this logger for a complete list of JARs that were scanned but no TLDs were found in them. Skipping unneeded JARs during scanning can improve startup time and JSP compilation time.
16-Apr-2019 18:24:24.702 情報 [localhost-startStop-1] org.apache.catalina.startup.HostConfig.deployDirectory Deployment of web application directory [C:\Users\m-tys\Desktop\mizouchi\research\workspace\PADLA\release\apache-tomcat-8.5.34\webapps\manager] has finished in [39] ms
16-Apr-2019 18:24:24.705 情報 [localhost-startStop-1] org.apache.catalina.startup.HostConfig.deployDirectory Webアプリケーションディレクトリ [C:\Users\m-tys\Desktop\mizouchi\research\workspace\PADLA\release\apache-tomcat-8.5.34\webapps\ROOT] を配備します
16-Apr-2019 18:24:24.733 情報 [localhost-startStop-1] org.apache.jasper.servlet.TldScanner.scanJars At least one JAR was scanned for TLDs yet contained no TLDs. Enable debug logging for this logger for a complete list of JARs that were scanned but no TLDs were found in them. Skipping unneeded JARs during scanning can improve startup time and JSP compilation time.
16-Apr-2019 18:24:24.735 情報 [localhost-startStop-1] org.apache.catalina.startup.HostConfig.deployDirectory Deployment of web application directory [C:\Users\m-tys\Desktop\mizouchi\research\workspace\PADLA\release\apache-tomcat-8.5.34\webapps\ROOT] has finished in [30] ms
16-Apr-2019 18:24:24.741 情報 [main] org.apache.coyote.AbstractProtocol.start Starting ProtocolHandler ["http-nio-8080"]
16-Apr-2019 18:24:24.750 情報 [main] org.apache.coyote.AbstractProtocol.start Starting ProtocolHandler ["ajp-nio-8009"]
16-Apr-2019 18:24:24.752 情報 [main] org.apache.catalina.startup.Catalina.start Server startup in 6710 ms
16-Apr-2019 18:37:50.090 情報 [main] org.apache.catalina.core.StandardServer.await A valid shutdown command was received via the shutdown port. Stopping the Server instance.
16-Apr-2019 18:37:50.091 情報 [main] org.apache.coyote.AbstractProtocol.pause Pausing ProtocolHandler ["http-nio-8080"]
16-Apr-2019 18:37:50.216 情報 [main] org.apache.coyote.AbstractProtocol.pause Pausing ProtocolHandler ["ajp-nio-8009"]
16-Apr-2019 18:37:50.349 情報 [main] org.apache.catalina.core.StandardService.stopInternal サービス [Catalina] を停止します
16-Apr-2019 18:37:50.441 警告 [localhost-startStop-2] org.apache.catalina.loader.WebappClassLoaderBase.clearReferencesJdbc The web application [jpetstore] registered the JDBC driver [org.hsqldb.jdbc.JDBCDriver] but failed to unregister it when the web application was stopped. To prevent a memory leak, the JDBC Driver has been forcibly unregistered.
16-Apr-2019 18:37:50.443 警告 [localhost-startStop-2] org.apache.catalina.loader.WebappClassLoaderBase.clearReferencesThreads The web application [jpetstore] appears to have started a thread named [Thread-8] but has failed to stop it. This is very likely to create a memory leak. Stack trace of thread:
 java.net.SocketInputStream.socketRead0(Native Method)
 java.net.SocketInputStream.socketRead(Unknown Source)
 java.net.SocketInputStream.read(Unknown Source)
 java.net.SocketInputStream.read(Unknown Source)
 jp.naist.heijo.Connector.readRaw(Connector.java:52)
 jp.naist.heijo.Connector.read(Connector.java:42)
 jp.ac.osaka_u.ist.mymemcache.LevelChanger.run(LevelChanger.java:67)
16-Apr-2019 18:37:50.459 情報 [main] org.apache.coyote.AbstractProtocol.stop Stopping ProtocolHandler ["http-nio-8080"]
16-Apr-2019 18:37:50.467 情報 [main] org.apache.coyote.AbstractProtocol.stop Stopping ProtocolHandler ["ajp-nio-8009"]
16-Apr-2019 18:37:50.470 情報 [main] org.apache.coyote.AbstractProtocol.destroy Destroying ProtocolHandler ["http-nio-8080"]
16-Apr-2019 18:37:50.471 情報 [main] org.apache.coyote.AbstractProtocol.destroy Destroying ProtocolHandler ["ajp-nio-8009"]
