16-Apr-2019 17:07:34.473 情報 [main] org.apache.catalina.startup.VersionLoggerListener.log Server version:        Apache Tomcat/8.5.34
16-Apr-2019 17:07:34.495 情報 [main] org.apache.catalina.startup.VersionLoggerListener.log Server built:          Sep 4 2018 22:28:22 UTC
16-Apr-2019 17:07:34.497 情報 [main] org.apache.catalina.startup.VersionLoggerListener.log Server number:         8.5.34.0
16-Apr-2019 17:07:34.497 情報 [main] org.apache.catalina.startup.VersionLoggerListener.log OS Name:               Windows 10
16-Apr-2019 17:07:34.497 情報 [main] org.apache.catalina.startup.VersionLoggerListener.log OS Version:            10.0
16-Apr-2019 17:07:34.498 情報 [main] org.apache.catalina.startup.VersionLoggerListener.log Architecture:          amd64
16-Apr-2019 17:07:34.498 情報 [main] org.apache.catalina.startup.VersionLoggerListener.log Java Home:             C:\Program Files\Java\jre1.8.0_191
16-Apr-2019 17:07:34.498 情報 [main] org.apache.catalina.startup.VersionLoggerListener.log JVM Version:           1.8.0_191-b12
16-Apr-2019 17:07:34.498 情報 [main] org.apache.catalina.startup.VersionLoggerListener.log JVM Vendor:            Oracle Corporation
16-Apr-2019 17:07:34.499 情報 [main] org.apache.catalina.startup.VersionLoggerListener.log CATALINA_BASE:         C:\Users\m-tys\Desktop\mizouchi\research\workspace\PADLA\release\apache-tomcat-8.5.34
16-Apr-2019 17:07:34.499 情報 [main] org.apache.catalina.startup.VersionLoggerListener.log CATALINA_HOME:         C:\Users\m-tys\Desktop\mizouchi\research\workspace\PADLA\release\apache-tomcat-8.5.34
16-Apr-2019 17:07:34.499 情報 [main] org.apache.catalina.startup.VersionLoggerListener.log Command line argument: -Djava.util.logging.config.file=C:\Users\m-tys\Desktop\mizouchi\research\workspace\PADLA\release\apache-tomcat-8.5.34\conf\logging.properties
16-Apr-2019 17:07:34.500 情報 [main] org.apache.catalina.startup.VersionLoggerListener.log Command line argument: -Djava.util.logging.manager=org.apache.juli.ClassLoaderLogManager
16-Apr-2019 17:07:34.500 情報 [main] org.apache.catalina.startup.VersionLoggerListener.log Command line argument: -Dlog4j.configurationFile=file://C:\Users\m-tys\Desktop\mizouchi\research\workspace\PADLA\release\apache-tomcat-8.5.34/conf/log4j2_for_AdopterMode.xml
16-Apr-2019 17:07:34.501 情報 [main] org.apache.catalina.startup.VersionLoggerListener.log Command line argument: -Djdk.tls.ephemeralDHKeySize=2048
16-Apr-2019 17:07:34.502 情報 [main] org.apache.catalina.startup.VersionLoggerListener.log Command line argument: -Djava.protocol.handler.pkgs=org.apache.catalina.webresources
16-Apr-2019 17:07:34.503 情報 [main] org.apache.catalina.startup.VersionLoggerListener.log Command line argument: -javaagent:..\HeijoAgent\HeijoAgent.jar=target=jpetstore_plus_tomcat-juli.jar,learningData=..\outputs\vectors.txt,bufferOutput=..\outputs\buffer.txt,buffer=300,interval=5
16-Apr-2019 17:07:34.503 情報 [main] org.apache.catalina.startup.VersionLoggerListener.log Command line argument: -Dignore.endorsed.dirs=
16-Apr-2019 17:07:34.504 情報 [main] org.apache.catalina.startup.VersionLoggerListener.log Command line argument: -Dcatalina.base=C:\Users\m-tys\Desktop\mizouchi\research\workspace\PADLA\release\apache-tomcat-8.5.34
16-Apr-2019 17:07:34.504 情報 [main] org.apache.catalina.startup.VersionLoggerListener.log Command line argument: -Dcatalina.home=C:\Users\m-tys\Desktop\mizouchi\research\workspace\PADLA\release\apache-tomcat-8.5.34
16-Apr-2019 17:07:34.505 情報 [main] org.apache.catalina.startup.VersionLoggerListener.log Command line argument: -Djava.io.tmpdir=C:\Users\m-tys\Desktop\mizouchi\research\workspace\PADLA\release\apache-tomcat-8.5.34\temp
16-Apr-2019 17:07:34.514 情報 [main] org.apache.catalina.core.AprLifecycleListener.lifecycleEvent The APR based Apache Tomcat Native library which allows optimal performance in production environments was not found on the java.library.path: [C:\Program Files\Java\jre1.8.0_191\bin;C:\WINDOWS\Sun\Java\bin;C:\WINDOWS\system32;C:\WINDOWS;C:\Program Files\Java\jdk1.8.0_191\bin;C:\Program Files (x86)\Common Files\Oracle\Java\javapath;C:\WINDOWS\system32;C:\WINDOWS;C:\WINDOWS\System32\Wbem;C:\WINDOWS\System32\WindowsPowerShell\v1.0\;C:\Program Files\Git\cmd;C:\WINDOWS\System32\OpenSSH\;C:\Program Files\Microsoft VS Code\bin;C:\xampp\apache\bin;C:\Program Files (x86)\Kensington\TrackballWorks;C:\Program Files\nodejs\;C:\Users\m-tys\Anaconda3;C:\Users\m-tys\Anaconda3\Library\mingw-w64\bin;C:\Users\m-tys\Anaconda3\Library\usr\bin;C:\Users\m-tys\Anaconda3\Library\bin;C:\Users\m-tys\Anaconda3\Scripts;C:\Users\m-tys\AppData\Local\Microsoft\WindowsApps;C:\Program Files\Microsoft VS Code\bin;"C:\Program Files\Java\jdk1.8.0_191\bin;";C:\Program Files\gradle-4.10.1\bin;C:\Users\m-tys\AppData\Local\Android\Sdk\tools\bin;C:\Users\m-tys\AppData\Roaming\npm;.]
16-Apr-2019 17:07:35.784 情報 [main] org.apache.coyote.AbstractProtocol.init Initializing ProtocolHandler ["http-nio-8080"]
16-Apr-2019 17:07:35.962 情報 [main] org.apache.tomcat.util.net.NioSelectorPool.getSharedSelector Using a shared selector for servlet write/read
16-Apr-2019 17:07:35.974 情報 [main] org.apache.coyote.AbstractProtocol.init Initializing ProtocolHandler ["ajp-nio-8009"]
16-Apr-2019 17:07:35.976 情報 [main] org.apache.tomcat.util.net.NioSelectorPool.getSharedSelector Using a shared selector for servlet write/read
16-Apr-2019 17:07:35.977 情報 [main] org.apache.catalina.startup.Catalina.load Initialization processed in 1786 ms
16-Apr-2019 17:07:36.009 情報 [main] org.apache.catalina.core.StandardService.startInternal サービス [Catalina] を起動します
16-Apr-2019 17:07:36.010 情報 [main] org.apache.catalina.core.StandardEngine.startInternal Starting Servlet Engine: Apache Tomcat/8.5.34
16-Apr-2019 17:07:36.028 情報 [localhost-startStop-1] org.apache.catalina.startup.HostConfig.deployDirectory Webアプリケーションディレクトリ [C:\Users\m-tys\Desktop\mizouchi\research\workspace\PADLA\release\apache-tomcat-8.5.34\webapps\docs] を配備します
16-Apr-2019 17:07:36.358 情報 [localhost-startStop-1] org.apache.jasper.servlet.TldScanner.scanJars At least one JAR was scanned for TLDs yet contained no TLDs. Enable debug logging for this logger for a complete list of JARs that were scanned but no TLDs were found in them. Skipping unneeded JARs during scanning can improve startup time and JSP compilation time.
16-Apr-2019 17:07:36.399 情報 [localhost-startStop-1] org.apache.catalina.startup.HostConfig.deployDirectory Deployment of web application directory [C:\Users\m-tys\Desktop\mizouchi\research\workspace\PADLA\release\apache-tomcat-8.5.34\webapps\docs] has finished in [370] ms
16-Apr-2019 17:07:36.400 情報 [localhost-startStop-1] org.apache.catalina.startup.HostConfig.deployDirectory Webアプリケーションディレクトリ [C:\Users\m-tys\Desktop\mizouchi\research\workspace\PADLA\release\apache-tomcat-8.5.34\webapps\examples] を配備します
16-Apr-2019 17:07:37.402 情報 [localhost-startStop-1] org.apache.jasper.servlet.TldScanner.scanJars At least one JAR was scanned for TLDs yet contained no TLDs. Enable debug logging for this logger for a complete list of JARs that were scanned but no TLDs were found in them. Skipping unneeded JARs during scanning can improve startup time and JSP compilation time.
16-Apr-2019 17:07:37.449 情報 [localhost-startStop-1] org.apache.catalina.startup.HostConfig.deployDirectory Deployment of web application directory [C:\Users\m-tys\Desktop\mizouchi\research\workspace\PADLA\release\apache-tomcat-8.5.34\webapps\examples] has finished in [1,049] ms
16-Apr-2019 17:07:37.450 情報 [localhost-startStop-1] org.apache.catalina.startup.HostConfig.deployDirectory Webアプリケーションディレクトリ [C:\Users\m-tys\Desktop\mizouchi\research\workspace\PADLA\release\apache-tomcat-8.5.34\webapps\host-manager] を配備します
16-Apr-2019 17:07:37.506 情報 [localhost-startStop-1] org.apache.jasper.servlet.TldScanner.scanJars At least one JAR was scanned for TLDs yet contained no TLDs. Enable debug logging for this logger for a complete list of JARs that were scanned but no TLDs were found in them. Skipping unneeded JARs during scanning can improve startup time and JSP compilation time.
16-Apr-2019 17:07:37.509 情報 [localhost-startStop-1] org.apache.catalina.startup.HostConfig.deployDirectory Deployment of web application directory [C:\Users\m-tys\Desktop\mizouchi\research\workspace\PADLA\release\apache-tomcat-8.5.34\webapps\host-manager] has finished in [59] ms
16-Apr-2019 17:07:37.513 情報 [localhost-startStop-1] org.apache.catalina.startup.HostConfig.deployDirectory Webアプリケーションディレクトリ [C:\Users\m-tys\Desktop\mizouchi\research\workspace\PADLA\release\apache-tomcat-8.5.34\webapps\jpetstore] を配備します
16-Apr-2019 17:07:40.724 情報 [localhost-startStop-1] org.apache.jasper.servlet.TldScanner.scanJars At least one JAR was scanned for TLDs yet contained no TLDs. Enable debug logging for this logger for a complete list of JARs that were scanned but no TLDs were found in them. Skipping unneeded JARs during scanning can improve startup time and JSP compilation time.
16-Apr-2019 17:07:49.796 情報 [localhost-startStop-1] org.apache.catalina.startup.HostConfig.deployDirectory Deployment of web application directory [C:\Users\m-tys\Desktop\mizouchi\research\workspace\PADLA\release\apache-tomcat-8.5.34\webapps\jpetstore] has finished in [12,283] ms
16-Apr-2019 17:07:49.796 情報 [localhost-startStop-1] org.apache.catalina.startup.HostConfig.deployDirectory Webアプリケーションディレクトリ [C:\Users\m-tys\Desktop\mizouchi\research\workspace\PADLA\release\apache-tomcat-8.5.34\webapps\manager] を配備します
16-Apr-2019 17:07:49.845 情報 [localhost-startStop-1] org.apache.jasper.servlet.TldScanner.scanJars At least one JAR was scanned for TLDs yet contained no TLDs. Enable debug logging for this logger for a complete list of JARs that were scanned but no TLDs were found in them. Skipping unneeded JARs during scanning can improve startup time and JSP compilation time.
16-Apr-2019 17:07:49.848 情報 [localhost-startStop-1] org.apache.catalina.startup.HostConfig.deployDirectory Deployment of web application directory [C:\Users\m-tys\Desktop\mizouchi\research\workspace\PADLA\release\apache-tomcat-8.5.34\webapps\manager] has finished in [51] ms
16-Apr-2019 17:07:49.853 情報 [localhost-startStop-1] org.apache.catalina.startup.HostConfig.deployDirectory Webアプリケーションディレクトリ [C:\Users\m-tys\Desktop\mizouchi\research\workspace\PADLA\release\apache-tomcat-8.5.34\webapps\ROOT] を配備します
16-Apr-2019 17:07:49.890 情報 [localhost-startStop-1] org.apache.jasper.servlet.TldScanner.scanJars At least one JAR was scanned for TLDs yet contained no TLDs. Enable debug logging for this logger for a complete list of JARs that were scanned but no TLDs were found in them. Skipping unneeded JARs during scanning can improve startup time and JSP compilation time.
16-Apr-2019 17:07:49.892 情報 [localhost-startStop-1] org.apache.catalina.startup.HostConfig.deployDirectory Deployment of web application directory [C:\Users\m-tys\Desktop\mizouchi\research\workspace\PADLA\release\apache-tomcat-8.5.34\webapps\ROOT] has finished in [39] ms
16-Apr-2019 17:07:49.899 情報 [main] org.apache.coyote.AbstractProtocol.start Starting ProtocolHandler ["http-nio-8080"]
16-Apr-2019 17:07:49.915 情報 [main] org.apache.coyote.AbstractProtocol.start Starting ProtocolHandler ["ajp-nio-8009"]
16-Apr-2019 17:07:49.919 情報 [main] org.apache.catalina.startup.Catalina.start Server startup in 13941 ms
16-Apr-2019 17:07:59.361 情報 [main] org.apache.catalina.core.StandardServer.await A valid shutdown command was received via the shutdown port. Stopping the Server instance.
16-Apr-2019 17:07:59.361 情報 [main] org.apache.coyote.AbstractProtocol.pause Pausing ProtocolHandler ["http-nio-8080"]
16-Apr-2019 17:07:59.469 情報 [main] org.apache.coyote.AbstractProtocol.pause Pausing ProtocolHandler ["ajp-nio-8009"]
16-Apr-2019 17:07:59.553 情報 [main] org.apache.catalina.core.StandardService.stopInternal サービス [Catalina] を停止します
16-Apr-2019 17:08:01.609 警告 [localhost-startStop-1] org.apache.catalina.loader.WebappClassLoaderBase.clearReferencesJdbc The web application [jpetstore] registered the JDBC driver [org.hsqldb.jdbc.JDBCDriver] but failed to unregister it when the web application was stopped. To prevent a memory leak, the JDBC Driver has been forcibly unregistered.
16-Apr-2019 17:08:01.616 情報 [main] org.apache.coyote.AbstractProtocol.stop Stopping ProtocolHandler ["http-nio-8080"]
16-Apr-2019 17:08:01.618 情報 [main] org.apache.coyote.AbstractProtocol.stop Stopping ProtocolHandler ["ajp-nio-8009"]
16-Apr-2019 17:08:01.620 情報 [main] org.apache.coyote.AbstractProtocol.destroy Destroying ProtocolHandler ["http-nio-8080"]
16-Apr-2019 17:08:01.622 情報 [main] org.apache.coyote.AbstractProtocol.destroy Destroying ProtocolHandler ["ajp-nio-8009"]
16-Apr-2019 17:08:05.080 情報 [main] org.apache.catalina.startup.VersionLoggerListener.log Server version:        Apache Tomcat/8.5.34
16-Apr-2019 17:08:05.083 情報 [main] org.apache.catalina.startup.VersionLoggerListener.log Server built:          Sep 4 2018 22:28:22 UTC
16-Apr-2019 17:08:05.084 情報 [main] org.apache.catalina.startup.VersionLoggerListener.log Server number:         8.5.34.0
16-Apr-2019 17:08:05.084 情報 [main] org.apache.catalina.startup.VersionLoggerListener.log OS Name:               Windows 10
16-Apr-2019 17:08:05.084 情報 [main] org.apache.catalina.startup.VersionLoggerListener.log OS Version:            10.0
16-Apr-2019 17:08:05.084 情報 [main] org.apache.catalina.startup.VersionLoggerListener.log Architecture:          amd64
16-Apr-2019 17:08:05.085 情報 [main] org.apache.catalina.startup.VersionLoggerListener.log Java Home:             C:\Program Files\Java\jre1.8.0_191
16-Apr-2019 17:08:05.085 情報 [main] org.apache.catalina.startup.VersionLoggerListener.log JVM Version:           1.8.0_191-b12
16-Apr-2019 17:08:05.085 情報 [main] org.apache.catalina.startup.VersionLoggerListener.log JVM Vendor:            Oracle Corporation
16-Apr-2019 17:08:05.085 情報 [main] org.apache.catalina.startup.VersionLoggerListener.log CATALINA_BASE:         C:\Users\m-tys\Desktop\mizouchi\research\workspace\PADLA\release\apache-tomcat-8.5.34
16-Apr-2019 17:08:05.085 情報 [main] org.apache.catalina.startup.VersionLoggerListener.log CATALINA_HOME:         C:\Users\m-tys\Desktop\mizouchi\research\workspace\PADLA\release\apache-tomcat-8.5.34
16-Apr-2019 17:08:05.086 情報 [main] org.apache.catalina.startup.VersionLoggerListener.log Command line argument: -Djava.util.logging.config.file=C:\Users\m-tys\Desktop\mizouchi\research\workspace\PADLA\release\apache-tomcat-8.5.34\conf\logging.properties
16-Apr-2019 17:08:05.086 情報 [main] org.apache.catalina.startup.VersionLoggerListener.log Command line argument: -Djava.util.logging.manager=org.apache.juli.ClassLoaderLogManager
16-Apr-2019 17:08:05.087 情報 [main] org.apache.catalina.startup.VersionLoggerListener.log Command line argument: -Dlog4j.configurationFile=file://C:\Users\m-tys\Desktop\mizouchi\research\workspace\PADLA\release\apache-tomcat-8.5.34/conf/log4j2_for_AdopterMode.xml
16-Apr-2019 17:08:05.088 情報 [main] org.apache.catalina.startup.VersionLoggerListener.log Command line argument: -Djdk.tls.ephemeralDHKeySize=2048
16-Apr-2019 17:08:05.088 情報 [main] org.apache.catalina.startup.VersionLoggerListener.log Command line argument: -Djava.protocol.handler.pkgs=org.apache.catalina.webresources
16-Apr-2019 17:08:05.089 情報 [main] org.apache.catalina.startup.VersionLoggerListener.log Command line argument: -javaagent:..\HeijoAgent\HeijoAgent.jar=target=jpetstore_plus_tomcat-juli.jar,learningData=..\outputs\vectors.txt,bufferOutput=..\outputs\buffer.txt,buffer=300,interval=5
16-Apr-2019 17:08:05.090 情報 [main] org.apache.catalina.startup.VersionLoggerListener.log Command line argument: -Dignore.endorsed.dirs=
16-Apr-2019 17:08:05.090 情報 [main] org.apache.catalina.startup.VersionLoggerListener.log Command line argument: -Dcatalina.base=C:\Users\m-tys\Desktop\mizouchi\research\workspace\PADLA\release\apache-tomcat-8.5.34
16-Apr-2019 17:08:05.091 情報 [main] org.apache.catalina.startup.VersionLoggerListener.log Command line argument: -Dcatalina.home=C:\Users\m-tys\Desktop\mizouchi\research\workspace\PADLA\release\apache-tomcat-8.5.34
16-Apr-2019 17:08:05.092 情報 [main] org.apache.catalina.startup.VersionLoggerListener.log Command line argument: -Djava.io.tmpdir=C:\Users\m-tys\Desktop\mizouchi\research\workspace\PADLA\release\apache-tomcat-8.5.34\temp
16-Apr-2019 17:08:05.092 情報 [main] org.apache.catalina.core.AprLifecycleListener.lifecycleEvent The APR based Apache Tomcat Native library which allows optimal performance in production environments was not found on the java.library.path: [C:\Program Files\Java\jre1.8.0_191\bin;C:\WINDOWS\Sun\Java\bin;C:\WINDOWS\system32;C:\WINDOWS;C:\Program Files\Java\jdk1.8.0_191\bin;C:\Program Files (x86)\Common Files\Oracle\Java\javapath;C:\WINDOWS\system32;C:\WINDOWS;C:\WINDOWS\System32\Wbem;C:\WINDOWS\System32\WindowsPowerShell\v1.0\;C:\Program Files\Git\cmd;C:\WINDOWS\System32\OpenSSH\;C:\Program Files\Microsoft VS Code\bin;C:\xampp\apache\bin;C:\Program Files (x86)\Kensington\TrackballWorks;C:\Program Files\nodejs\;C:\Users\m-tys\Anaconda3;C:\Users\m-tys\Anaconda3\Library\mingw-w64\bin;C:\Users\m-tys\Anaconda3\Library\usr\bin;C:\Users\m-tys\Anaconda3\Library\bin;C:\Users\m-tys\Anaconda3\Scripts;C:\Users\m-tys\AppData\Local\Microsoft\WindowsApps;C:\Program Files\Microsoft VS Code\bin;"C:\Program Files\Java\jdk1.8.0_191\bin;";C:\Program Files\gradle-4.10.1\bin;C:\Users\m-tys\AppData\Local\Android\Sdk\tools\bin;C:\Users\m-tys\AppData\Roaming\npm;.]
16-Apr-2019 17:08:05.209 情報 [main] org.apache.coyote.AbstractProtocol.init Initializing ProtocolHandler ["http-nio-8080"]
16-Apr-2019 17:08:05.350 情報 [main] org.apache.tomcat.util.net.NioSelectorPool.getSharedSelector Using a shared selector for servlet write/read
16-Apr-2019 17:08:05.356 情報 [main] org.apache.coyote.AbstractProtocol.init Initializing ProtocolHandler ["ajp-nio-8009"]
16-Apr-2019 17:08:05.358 情報 [main] org.apache.tomcat.util.net.NioSelectorPool.getSharedSelector Using a shared selector for servlet write/read
16-Apr-2019 17:08:05.359 情報 [main] org.apache.catalina.startup.Catalina.load Initialization processed in 585 ms
16-Apr-2019 17:08:05.381 情報 [main] org.apache.catalina.core.StandardService.startInternal サービス [Catalina] を起動します
16-Apr-2019 17:08:05.381 情報 [main] org.apache.catalina.core.StandardEngine.startInternal Starting Servlet Engine: Apache Tomcat/8.5.34
16-Apr-2019 17:08:05.394 情報 [localhost-startStop-1] org.apache.catalina.startup.HostConfig.deployDirectory Webアプリケーションディレクトリ [C:\Users\m-tys\Desktop\mizouchi\research\workspace\PADLA\release\apache-tomcat-8.5.34\webapps\docs] を配備します
16-Apr-2019 17:08:05.605 情報 [localhost-startStop-1] org.apache.jasper.servlet.TldScanner.scanJars At least one JAR was scanned for TLDs yet contained no TLDs. Enable debug logging for this logger for a complete list of JARs that were scanned but no TLDs were found in them. Skipping unneeded JARs during scanning can improve startup time and JSP compilation time.
16-Apr-2019 17:08:05.644 情報 [localhost-startStop-1] org.apache.catalina.startup.HostConfig.deployDirectory Deployment of web application directory [C:\Users\m-tys\Desktop\mizouchi\research\workspace\PADLA\release\apache-tomcat-8.5.34\webapps\docs] has finished in [250] ms
16-Apr-2019 17:08:05.644 情報 [localhost-startStop-1] org.apache.catalina.startup.HostConfig.deployDirectory Webアプリケーションディレクトリ [C:\Users\m-tys\Desktop\mizouchi\research\workspace\PADLA\release\apache-tomcat-8.5.34\webapps\examples] を配備します
16-Apr-2019 17:08:05.930 情報 [localhost-startStop-1] org.apache.jasper.servlet.TldScanner.scanJars At least one JAR was scanned for TLDs yet contained no TLDs. Enable debug logging for this logger for a complete list of JARs that were scanned but no TLDs were found in them. Skipping unneeded JARs during scanning can improve startup time and JSP compilation time.
16-Apr-2019 17:08:05.971 情報 [localhost-startStop-1] org.apache.catalina.startup.HostConfig.deployDirectory Deployment of web application directory [C:\Users\m-tys\Desktop\mizouchi\research\workspace\PADLA\release\apache-tomcat-8.5.34\webapps\examples] has finished in [327] ms
16-Apr-2019 17:08:05.972 情報 [localhost-startStop-1] org.apache.catalina.startup.HostConfig.deployDirectory Webアプリケーションディレクトリ [C:\Users\m-tys\Desktop\mizouchi\research\workspace\PADLA\release\apache-tomcat-8.5.34\webapps\host-manager] を配備します
16-Apr-2019 17:08:06.028 情報 [localhost-startStop-1] org.apache.jasper.servlet.TldScanner.scanJars At least one JAR was scanned for TLDs yet contained no TLDs. Enable debug logging for this logger for a complete list of JARs that were scanned but no TLDs were found in them. Skipping unneeded JARs during scanning can improve startup time and JSP compilation time.
16-Apr-2019 17:08:06.032 情報 [localhost-startStop-1] org.apache.catalina.startup.HostConfig.deployDirectory Deployment of web application directory [C:\Users\m-tys\Desktop\mizouchi\research\workspace\PADLA\release\apache-tomcat-8.5.34\webapps\host-manager] has finished in [60] ms
16-Apr-2019 17:08:06.037 情報 [localhost-startStop-1] org.apache.catalina.startup.HostConfig.deployDirectory Webアプリケーションディレクトリ [C:\Users\m-tys\Desktop\mizouchi\research\workspace\PADLA\release\apache-tomcat-8.5.34\webapps\jpetstore] を配備します
16-Apr-2019 17:08:07.794 情報 [localhost-startStop-1] org.apache.jasper.servlet.TldScanner.scanJars At least one JAR was scanned for TLDs yet contained no TLDs. Enable debug logging for this logger for a complete list of JARs that were scanned but no TLDs were found in them. Skipping unneeded JARs during scanning can improve startup time and JSP compilation time.
16-Apr-2019 17:08:14.349 情報 [localhost-startStop-1] org.apache.catalina.startup.HostConfig.deployDirectory Deployment of web application directory [C:\Users\m-tys\Desktop\mizouchi\research\workspace\PADLA\release\apache-tomcat-8.5.34\webapps\jpetstore] has finished in [8,313] ms
16-Apr-2019 17:08:14.350 情報 [localhost-startStop-1] org.apache.catalina.startup.HostConfig.deployDirectory Webアプリケーションディレクトリ [C:\Users\m-tys\Desktop\mizouchi\research\workspace\PADLA\release\apache-tomcat-8.5.34\webapps\manager] を配備します
16-Apr-2019 17:08:14.387 情報 [localhost-startStop-1] org.apache.jasper.servlet.TldScanner.scanJars At least one JAR was scanned for TLDs yet contained no TLDs. Enable debug logging for this logger for a complete list of JARs that were scanned but no TLDs were found in them. Skipping unneeded JARs during scanning can improve startup time and JSP compilation time.
16-Apr-2019 17:08:14.390 情報 [localhost-startStop-1] org.apache.catalina.startup.HostConfig.deployDirectory Deployment of web application directory [C:\Users\m-tys\Desktop\mizouchi\research\workspace\PADLA\release\apache-tomcat-8.5.34\webapps\manager] has finished in [40] ms
16-Apr-2019 17:08:14.391 情報 [localhost-startStop-1] org.apache.catalina.startup.HostConfig.deployDirectory Webアプリケーションディレクトリ [C:\Users\m-tys\Desktop\mizouchi\research\workspace\PADLA\release\apache-tomcat-8.5.34\webapps\ROOT] を配備します
16-Apr-2019 17:08:14.421 情報 [localhost-startStop-1] org.apache.jasper.servlet.TldScanner.scanJars At least one JAR was scanned for TLDs yet contained no TLDs. Enable debug logging for this logger for a complete list of JARs that were scanned but no TLDs were found in them. Skipping unneeded JARs during scanning can improve startup time and JSP compilation time.
16-Apr-2019 17:08:14.423 情報 [localhost-startStop-1] org.apache.catalina.startup.HostConfig.deployDirectory Deployment of web application directory [C:\Users\m-tys\Desktop\mizouchi\research\workspace\PADLA\release\apache-tomcat-8.5.34\webapps\ROOT] has finished in [32] ms
16-Apr-2019 17:08:14.429 情報 [main] org.apache.coyote.AbstractProtocol.start Starting ProtocolHandler ["http-nio-8080"]
16-Apr-2019 17:08:14.437 情報 [main] org.apache.coyote.AbstractProtocol.start Starting ProtocolHandler ["ajp-nio-8009"]
16-Apr-2019 17:08:14.442 情報 [main] org.apache.catalina.startup.Catalina.start Server startup in 9082 ms
16-Apr-2019 17:08:28.329 情報 [main] org.apache.catalina.core.StandardServer.await A valid shutdown command was received via the shutdown port. Stopping the Server instance.
16-Apr-2019 17:08:28.330 情報 [main] org.apache.coyote.AbstractProtocol.pause Pausing ProtocolHandler ["http-nio-8080"]
16-Apr-2019 17:08:28.465 情報 [main] org.apache.coyote.AbstractProtocol.pause Pausing ProtocolHandler ["ajp-nio-8009"]
16-Apr-2019 17:08:28.559 情報 [main] org.apache.catalina.core.StandardService.stopInternal サービス [Catalina] を停止します
16-Apr-2019 17:08:30.666 警告 [localhost-startStop-2] org.apache.catalina.loader.WebappClassLoaderBase.clearReferencesJdbc The web application [jpetstore] registered the JDBC driver [org.hsqldb.jdbc.JDBCDriver] but failed to unregister it when the web application was stopped. To prevent a memory leak, the JDBC Driver has been forcibly unregistered.
16-Apr-2019 17:08:30.674 情報 [main] org.apache.coyote.AbstractProtocol.stop Stopping ProtocolHandler ["http-nio-8080"]
16-Apr-2019 17:08:30.677 情報 [main] org.apache.coyote.AbstractProtocol.stop Stopping ProtocolHandler ["ajp-nio-8009"]
16-Apr-2019 17:08:30.679 情報 [main] org.apache.coyote.AbstractProtocol.destroy Destroying ProtocolHandler ["http-nio-8080"]
16-Apr-2019 17:08:30.680 情報 [main] org.apache.coyote.AbstractProtocol.destroy Destroying ProtocolHandler ["ajp-nio-8009"]
16-Apr-2019 17:08:33.760 情報 [main] org.apache.catalina.startup.VersionLoggerListener.log Server version:        Apache Tomcat/8.5.34
16-Apr-2019 17:08:33.763 情報 [main] org.apache.catalina.startup.VersionLoggerListener.log Server built:          Sep 4 2018 22:28:22 UTC
16-Apr-2019 17:08:33.765 情報 [main] org.apache.catalina.startup.VersionLoggerListener.log Server number:         8.5.34.0
16-Apr-2019 17:08:33.765 情報 [main] org.apache.catalina.startup.VersionLoggerListener.log OS Name:               Windows 10
16-Apr-2019 17:08:33.766 情報 [main] org.apache.catalina.startup.VersionLoggerListener.log OS Version:            10.0
16-Apr-2019 17:08:33.766 情報 [main] org.apache.catalina.startup.VersionLoggerListener.log Architecture:          amd64
16-Apr-2019 17:08:33.766 情報 [main] org.apache.catalina.startup.VersionLoggerListener.log Java Home:             C:\Program Files\Java\jre1.8.0_191
16-Apr-2019 17:08:33.766 情報 [main] org.apache.catalina.startup.VersionLoggerListener.log JVM Version:           1.8.0_191-b12
16-Apr-2019 17:08:33.767 情報 [main] org.apache.catalina.startup.VersionLoggerListener.log JVM Vendor:            Oracle Corporation
16-Apr-2019 17:08:33.767 情報 [main] org.apache.catalina.startup.VersionLoggerListener.log CATALINA_BASE:         C:\Users\m-tys\Desktop\mizouchi\research\workspace\PADLA\release\apache-tomcat-8.5.34
16-Apr-2019 17:08:33.767 情報 [main] org.apache.catalina.startup.VersionLoggerListener.log CATALINA_HOME:         C:\Users\m-tys\Desktop\mizouchi\research\workspace\PADLA\release\apache-tomcat-8.5.34
16-Apr-2019 17:08:33.768 情報 [main] org.apache.catalina.startup.VersionLoggerListener.log Command line argument: -Djava.util.logging.config.file=C:\Users\m-tys\Desktop\mizouchi\research\workspace\PADLA\release\apache-tomcat-8.5.34\conf\logging.properties
16-Apr-2019 17:08:33.768 情報 [main] org.apache.catalina.startup.VersionLoggerListener.log Command line argument: -Djava.util.logging.manager=org.apache.juli.ClassLoaderLogManager
16-Apr-2019 17:08:33.769 情報 [main] org.apache.catalina.startup.VersionLoggerListener.log Command line argument: -Dlog4j.configurationFile=file://C:\Users\m-tys\Desktop\mizouchi\research\workspace\PADLA\release\apache-tomcat-8.5.34/conf/log4j2_for_AdopterMode.xml
16-Apr-2019 17:08:33.770 情報 [main] org.apache.catalina.startup.VersionLoggerListener.log Command line argument: -Djdk.tls.ephemeralDHKeySize=2048
16-Apr-2019 17:08:33.770 情報 [main] org.apache.catalina.startup.VersionLoggerListener.log Command line argument: -Djava.protocol.handler.pkgs=org.apache.catalina.webresources
16-Apr-2019 17:08:33.771 情報 [main] org.apache.catalina.startup.VersionLoggerListener.log Command line argument: -javaagent:..\HeijoAgent\HeijoAgent.jar=target=jpetstore_plus_tomcat-juli.jar,learningData=..\outputs\vectors.txt,bufferOutput=..\outputs\buffer.txt,buffer=300,interval=5
16-Apr-2019 17:08:33.772 情報 [main] org.apache.catalina.startup.VersionLoggerListener.log Command line argument: -Dignore.endorsed.dirs=
16-Apr-2019 17:08:33.772 情報 [main] org.apache.catalina.startup.VersionLoggerListener.log Command line argument: -Dcatalina.base=C:\Users\m-tys\Desktop\mizouchi\research\workspace\PADLA\release\apache-tomcat-8.5.34
16-Apr-2019 17:08:33.773 情報 [main] org.apache.catalina.startup.VersionLoggerListener.log Command line argument: -Dcatalina.home=C:\Users\m-tys\Desktop\mizouchi\research\workspace\PADLA\release\apache-tomcat-8.5.34
16-Apr-2019 17:08:33.774 情報 [main] org.apache.catalina.startup.VersionLoggerListener.log Command line argument: -Djava.io.tmpdir=C:\Users\m-tys\Desktop\mizouchi\research\workspace\PADLA\release\apache-tomcat-8.5.34\temp
16-Apr-2019 17:08:33.791 情報 [main] org.apache.catalina.core.AprLifecycleListener.lifecycleEvent The APR based Apache Tomcat Native library which allows optimal performance in production environments was not found on the java.library.path: [C:\Program Files\Java\jre1.8.0_191\bin;C:\WINDOWS\Sun\Java\bin;C:\WINDOWS\system32;C:\WINDOWS;C:\Program Files\Java\jdk1.8.0_191\bin;C:\Program Files (x86)\Common Files\Oracle\Java\javapath;C:\WINDOWS\system32;C:\WINDOWS;C:\WINDOWS\System32\Wbem;C:\WINDOWS\System32\WindowsPowerShell\v1.0\;C:\Program Files\Git\cmd;C:\WINDOWS\System32\OpenSSH\;C:\Program Files\Microsoft VS Code\bin;C:\xampp\apache\bin;C:\Program Files (x86)\Kensington\TrackballWorks;C:\Program Files\nodejs\;C:\Users\m-tys\Anaconda3;C:\Users\m-tys\Anaconda3\Library\mingw-w64\bin;C:\Users\m-tys\Anaconda3\Library\usr\bin;C:\Users\m-tys\Anaconda3\Library\bin;C:\Users\m-tys\Anaconda3\Scripts;C:\Users\m-tys\AppData\Local\Microsoft\WindowsApps;C:\Program Files\Microsoft VS Code\bin;"C:\Program Files\Java\jdk1.8.0_191\bin;";C:\Program Files\gradle-4.10.1\bin;C:\Users\m-tys\AppData\Local\Android\Sdk\tools\bin;C:\Users\m-tys\AppData\Roaming\npm;.]
16-Apr-2019 17:08:33.901 情報 [main] org.apache.coyote.AbstractProtocol.init Initializing ProtocolHandler ["http-nio-8080"]
16-Apr-2019 17:08:34.025 情報 [main] org.apache.tomcat.util.net.NioSelectorPool.getSharedSelector Using a shared selector for servlet write/read
16-Apr-2019 17:08:34.035 情報 [main] org.apache.coyote.AbstractProtocol.init Initializing ProtocolHandler ["ajp-nio-8009"]
16-Apr-2019 17:08:34.037 情報 [main] org.apache.tomcat.util.net.NioSelectorPool.getSharedSelector Using a shared selector for servlet write/read
16-Apr-2019 17:08:34.038 情報 [main] org.apache.catalina.startup.Catalina.load Initialization processed in 583 ms
16-Apr-2019 17:08:34.060 情報 [main] org.apache.catalina.core.StandardService.startInternal サービス [Catalina] を起動します
16-Apr-2019 17:08:34.061 情報 [main] org.apache.catalina.core.StandardEngine.startInternal Starting Servlet Engine: Apache Tomcat/8.5.34
16-Apr-2019 17:08:34.071 情報 [localhost-startStop-1] org.apache.catalina.startup.HostConfig.deployDirectory Webアプリケーションディレクトリ [C:\Users\m-tys\Desktop\mizouchi\research\workspace\PADLA\release\apache-tomcat-8.5.34\webapps\docs] を配備します
16-Apr-2019 17:08:34.290 情報 [localhost-startStop-1] org.apache.jasper.servlet.TldScanner.scanJars At least one JAR was scanned for TLDs yet contained no TLDs. Enable debug logging for this logger for a complete list of JARs that were scanned but no TLDs were found in them. Skipping unneeded JARs during scanning can improve startup time and JSP compilation time.
16-Apr-2019 17:08:34.328 情報 [localhost-startStop-1] org.apache.catalina.startup.HostConfig.deployDirectory Deployment of web application directory [C:\Users\m-tys\Desktop\mizouchi\research\workspace\PADLA\release\apache-tomcat-8.5.34\webapps\docs] has finished in [256] ms
16-Apr-2019 17:08:34.329 情報 [localhost-startStop-1] org.apache.catalina.startup.HostConfig.deployDirectory Webアプリケーションディレクトリ [C:\Users\m-tys\Desktop\mizouchi\research\workspace\PADLA\release\apache-tomcat-8.5.34\webapps\examples] を配備します
16-Apr-2019 17:08:34.629 情報 [localhost-startStop-1] org.apache.jasper.servlet.TldScanner.scanJars At least one JAR was scanned for TLDs yet contained no TLDs. Enable debug logging for this logger for a complete list of JARs that were scanned but no TLDs were found in them. Skipping unneeded JARs during scanning can improve startup time and JSP compilation time.
16-Apr-2019 17:08:34.671 情報 [localhost-startStop-1] org.apache.catalina.startup.HostConfig.deployDirectory Deployment of web application directory [C:\Users\m-tys\Desktop\mizouchi\research\workspace\PADLA\release\apache-tomcat-8.5.34\webapps\examples] has finished in [342] ms
16-Apr-2019 17:08:34.672 情報 [localhost-startStop-1] org.apache.catalina.startup.HostConfig.deployDirectory Webアプリケーションディレクトリ [C:\Users\m-tys\Desktop\mizouchi\research\workspace\PADLA\release\apache-tomcat-8.5.34\webapps\host-manager] を配備します
16-Apr-2019 17:08:34.712 情報 [localhost-startStop-1] org.apache.jasper.servlet.TldScanner.scanJars At least one JAR was scanned for TLDs yet contained no TLDs. Enable debug logging for this logger for a complete list of JARs that were scanned but no TLDs were found in them. Skipping unneeded JARs during scanning can improve startup time and JSP compilation time.
16-Apr-2019 17:08:34.715 情報 [localhost-startStop-1] org.apache.catalina.startup.HostConfig.deployDirectory Deployment of web application directory [C:\Users\m-tys\Desktop\mizouchi\research\workspace\PADLA\release\apache-tomcat-8.5.34\webapps\host-manager] has finished in [44] ms
16-Apr-2019 17:08:34.718 情報 [localhost-startStop-1] org.apache.catalina.startup.HostConfig.deployDirectory Webアプリケーションディレクトリ [C:\Users\m-tys\Desktop\mizouchi\research\workspace\PADLA\release\apache-tomcat-8.5.34\webapps\jpetstore] を配備します
16-Apr-2019 17:08:36.449 情報 [localhost-startStop-1] org.apache.jasper.servlet.TldScanner.scanJars At least one JAR was scanned for TLDs yet contained no TLDs. Enable debug logging for this logger for a complete list of JARs that were scanned but no TLDs were found in them. Skipping unneeded JARs during scanning can improve startup time and JSP compilation time.
16-Apr-2019 17:08:45.421 情報 [localhost-startStop-1] org.apache.catalina.startup.HostConfig.deployDirectory Deployment of web application directory [C:\Users\m-tys\Desktop\mizouchi\research\workspace\PADLA\release\apache-tomcat-8.5.34\webapps\jpetstore] has finished in [10,703] ms
16-Apr-2019 17:08:45.421 情報 [localhost-startStop-1] org.apache.catalina.startup.HostConfig.deployDirectory Webアプリケーションディレクトリ [C:\Users\m-tys\Desktop\mizouchi\research\workspace\PADLA\release\apache-tomcat-8.5.34\webapps\manager] を配備します
16-Apr-2019 17:08:45.459 情報 [localhost-startStop-1] org.apache.jasper.servlet.TldScanner.scanJars At least one JAR was scanned for TLDs yet contained no TLDs. Enable debug logging for this logger for a complete list of JARs that were scanned but no TLDs were found in them. Skipping unneeded JARs during scanning can improve startup time and JSP compilation time.
16-Apr-2019 17:08:45.461 情報 [localhost-startStop-1] org.apache.catalina.startup.HostConfig.deployDirectory Deployment of web application directory [C:\Users\m-tys\Desktop\mizouchi\research\workspace\PADLA\release\apache-tomcat-8.5.34\webapps\manager] has finished in [40] ms
16-Apr-2019 17:08:45.462 情報 [localhost-startStop-1] org.apache.catalina.startup.HostConfig.deployDirectory Webアプリケーションディレクトリ [C:\Users\m-tys\Desktop\mizouchi\research\workspace\PADLA\release\apache-tomcat-8.5.34\webapps\ROOT] を配備します
16-Apr-2019 17:08:45.492 情報 [localhost-startStop-1] org.apache.jasper.servlet.TldScanner.scanJars At least one JAR was scanned for TLDs yet contained no TLDs. Enable debug logging for this logger for a complete list of JARs that were scanned but no TLDs were found in them. Skipping unneeded JARs during scanning can improve startup time and JSP compilation time.
16-Apr-2019 17:08:45.494 情報 [localhost-startStop-1] org.apache.catalina.startup.HostConfig.deployDirectory Deployment of web application directory [C:\Users\m-tys\Desktop\mizouchi\research\workspace\PADLA\release\apache-tomcat-8.5.34\webapps\ROOT] has finished in [32] ms
16-Apr-2019 17:08:45.504 情報 [main] org.apache.coyote.AbstractProtocol.start Starting ProtocolHandler ["http-nio-8080"]
16-Apr-2019 17:08:45.523 情報 [main] org.apache.coyote.AbstractProtocol.start Starting ProtocolHandler ["ajp-nio-8009"]
16-Apr-2019 17:08:45.527 情報 [main] org.apache.catalina.startup.Catalina.start Server startup in 11488 ms
16-Apr-2019 17:12:25.854 情報 [main] org.apache.catalina.core.StandardServer.await A valid shutdown command was received via the shutdown port. Stopping the Server instance.
16-Apr-2019 17:12:25.855 情報 [main] org.apache.coyote.AbstractProtocol.pause Pausing ProtocolHandler ["http-nio-8080"]
16-Apr-2019 17:12:25.973 情報 [main] org.apache.coyote.AbstractProtocol.pause Pausing ProtocolHandler ["ajp-nio-8009"]
16-Apr-2019 17:12:26.083 情報 [main] org.apache.catalina.core.StandardService.stopInternal サービス [Catalina] を停止します
16-Apr-2019 17:12:26.153 警告 [localhost-startStop-2] org.apache.catalina.loader.WebappClassLoaderBase.clearReferencesJdbc The web application [jpetstore] registered the JDBC driver [org.hsqldb.jdbc.JDBCDriver] but failed to unregister it when the web application was stopped. To prevent a memory leak, the JDBC Driver has been forcibly unregistered.
16-Apr-2019 17:12:26.165 情報 [main] org.apache.coyote.AbstractProtocol.stop Stopping ProtocolHandler ["http-nio-8080"]
16-Apr-2019 17:12:26.170 情報 [main] org.apache.coyote.AbstractProtocol.stop Stopping ProtocolHandler ["ajp-nio-8009"]
16-Apr-2019 17:12:26.195 情報 [main] org.apache.coyote.AbstractProtocol.destroy Destroying ProtocolHandler ["http-nio-8080"]
16-Apr-2019 17:12:26.196 情報 [main] org.apache.coyote.AbstractProtocol.destroy Destroying ProtocolHandler ["ajp-nio-8009"]
16-Apr-2019 17:12:30.934 情報 [main] org.apache.catalina.startup.VersionLoggerListener.log Server version:        Apache Tomcat/8.5.34
16-Apr-2019 17:12:30.945 情報 [main] org.apache.catalina.startup.VersionLoggerListener.log Server built:          Sep 4 2018 22:28:22 UTC
16-Apr-2019 17:12:30.946 情報 [main] org.apache.catalina.startup.VersionLoggerListener.log Server number:         8.5.34.0
16-Apr-2019 17:12:30.946 情報 [main] org.apache.catalina.startup.VersionLoggerListener.log OS Name:               Windows 10
16-Apr-2019 17:12:30.946 情報 [main] org.apache.catalina.startup.VersionLoggerListener.log OS Version:            10.0
16-Apr-2019 17:12:30.946 情報 [main] org.apache.catalina.startup.VersionLoggerListener.log Architecture:          amd64
16-Apr-2019 17:12:30.946 情報 [main] org.apache.catalina.startup.VersionLoggerListener.log Java Home:             C:\Program Files\Java\jre1.8.0_191
16-Apr-2019 17:12:30.947 情報 [main] org.apache.catalina.startup.VersionLoggerListener.log JVM Version:           1.8.0_191-b12
16-Apr-2019 17:12:30.947 情報 [main] org.apache.catalina.startup.VersionLoggerListener.log JVM Vendor:            Oracle Corporation
16-Apr-2019 17:12:30.947 情報 [main] org.apache.catalina.startup.VersionLoggerListener.log CATALINA_BASE:         C:\Users\m-tys\Desktop\mizouchi\research\workspace\PADLA\release\apache-tomcat-8.5.34
16-Apr-2019 17:12:30.947 情報 [main] org.apache.catalina.startup.VersionLoggerListener.log CATALINA_HOME:         C:\Users\m-tys\Desktop\mizouchi\research\workspace\PADLA\release\apache-tomcat-8.5.34
16-Apr-2019 17:12:30.947 情報 [main] org.apache.catalina.startup.VersionLoggerListener.log Command line argument: -Djava.util.logging.config.file=C:\Users\m-tys\Desktop\mizouchi\research\workspace\PADLA\release\apache-tomcat-8.5.34\conf\logging.properties
16-Apr-2019 17:12:30.948 情報 [main] org.apache.catalina.startup.VersionLoggerListener.log Command line argument: -Djava.util.logging.manager=org.apache.juli.ClassLoaderLogManager
16-Apr-2019 17:12:30.949 情報 [main] org.apache.catalina.startup.VersionLoggerListener.log Command line argument: -Dlog4j.configurationFile=file://C:\Users\m-tys\Desktop\mizouchi\research\workspace\PADLA\release\apache-tomcat-8.5.34/conf/log4j2_for_AdapterMode.xml
16-Apr-2019 17:12:30.949 情報 [main] org.apache.catalina.startup.VersionLoggerListener.log Command line argument: -Djdk.tls.ephemeralDHKeySize=2048
16-Apr-2019 17:12:30.950 情報 [main] org.apache.catalina.startup.VersionLoggerListener.log Command line argument: -Djava.protocol.handler.pkgs=org.apache.catalina.webresources
16-Apr-2019 17:12:30.950 情報 [main] org.apache.catalina.startup.VersionLoggerListener.log Command line argument: -javaagent:..\HeijoAgent\HeijoAgent.jar=target=jpetstore_plus_tomcat-juli.jar,learningData=..\outputs\vectors.txt,bufferOutput=..\outputs\buffer.txt,buffer=300,interval=5
16-Apr-2019 17:12:30.951 情報 [main] org.apache.catalina.startup.VersionLoggerListener.log Command line argument: -Dignore.endorsed.dirs=
16-Apr-2019 17:12:30.952 情報 [main] org.apache.catalina.startup.VersionLoggerListener.log Command line argument: -Dcatalina.base=C:\Users\m-tys\Desktop\mizouchi\research\workspace\PADLA\release\apache-tomcat-8.5.34
16-Apr-2019 17:12:30.952 情報 [main] org.apache.catalina.startup.VersionLoggerListener.log Command line argument: -Dcatalina.home=C:\Users\m-tys\Desktop\mizouchi\research\workspace\PADLA\release\apache-tomcat-8.5.34
16-Apr-2019 17:12:30.953 情報 [main] org.apache.catalina.startup.VersionLoggerListener.log Command line argument: -Djava.io.tmpdir=C:\Users\m-tys\Desktop\mizouchi\research\workspace\PADLA\release\apache-tomcat-8.5.34\temp
16-Apr-2019 17:12:30.953 情報 [main] org.apache.catalina.core.AprLifecycleListener.lifecycleEvent The APR based Apache Tomcat Native library which allows optimal performance in production environments was not found on the java.library.path: [C:\Program Files\Java\jre1.8.0_191\bin;C:\WINDOWS\Sun\Java\bin;C:\WINDOWS\system32;C:\WINDOWS;C:\Program Files\Java\jdk1.8.0_191\bin;C:\Program Files (x86)\Common Files\Oracle\Java\javapath;C:\WINDOWS\system32;C:\WINDOWS;C:\WINDOWS\System32\Wbem;C:\WINDOWS\System32\WindowsPowerShell\v1.0\;C:\Program Files\Git\cmd;C:\WINDOWS\System32\OpenSSH\;C:\Program Files\Microsoft VS Code\bin;C:\xampp\apache\bin;C:\Program Files (x86)\Kensington\TrackballWorks;C:\Program Files\nodejs\;C:\Users\m-tys\Anaconda3;C:\Users\m-tys\Anaconda3\Library\mingw-w64\bin;C:\Users\m-tys\Anaconda3\Library\usr\bin;C:\Users\m-tys\Anaconda3\Library\bin;C:\Users\m-tys\Anaconda3\Scripts;C:\Users\m-tys\AppData\Local\Microsoft\WindowsApps;C:\Program Files\Microsoft VS Code\bin;"C:\Program Files\Java\jdk1.8.0_191\bin;";C:\Program Files\gradle-4.10.1\bin;C:\Users\m-tys\AppData\Local\Android\Sdk\tools\bin;C:\Users\m-tys\AppData\Roaming\npm;.]
16-Apr-2019 17:12:31.072 情報 [main] org.apache.coyote.AbstractProtocol.init Initializing ProtocolHandler ["http-nio-8080"]
16-Apr-2019 17:12:31.198 情報 [main] org.apache.tomcat.util.net.NioSelectorPool.getSharedSelector Using a shared selector for servlet write/read
16-Apr-2019 17:12:31.203 情報 [main] org.apache.coyote.AbstractProtocol.init Initializing ProtocolHandler ["ajp-nio-8009"]
16-Apr-2019 17:12:31.207 情報 [main] org.apache.tomcat.util.net.NioSelectorPool.getSharedSelector Using a shared selector for servlet write/read
16-Apr-2019 17:12:31.208 情報 [main] org.apache.catalina.startup.Catalina.load Initialization processed in 565 ms
16-Apr-2019 17:12:31.234 情報 [main] org.apache.catalina.core.StandardService.startInternal サービス [Catalina] を起動します
16-Apr-2019 17:12:31.235 情報 [main] org.apache.catalina.core.StandardEngine.startInternal Starting Servlet Engine: Apache Tomcat/8.5.34
16-Apr-2019 17:12:31.245 情報 [localhost-startStop-1] org.apache.catalina.startup.HostConfig.deployDirectory Webアプリケーションディレクトリ [C:\Users\m-tys\Desktop\mizouchi\research\workspace\PADLA\release\apache-tomcat-8.5.34\webapps\docs] を配備します
16-Apr-2019 17:12:31.480 情報 [localhost-startStop-1] org.apache.jasper.servlet.TldScanner.scanJars At least one JAR was scanned for TLDs yet contained no TLDs. Enable debug logging for this logger for a complete list of JARs that were scanned but no TLDs were found in them. Skipping unneeded JARs during scanning can improve startup time and JSP compilation time.
16-Apr-2019 17:12:31.517 情報 [localhost-startStop-1] org.apache.catalina.startup.HostConfig.deployDirectory Deployment of web application directory [C:\Users\m-tys\Desktop\mizouchi\research\workspace\PADLA\release\apache-tomcat-8.5.34\webapps\docs] has finished in [271] ms
16-Apr-2019 17:12:31.518 情報 [localhost-startStop-1] org.apache.catalina.startup.HostConfig.deployDirectory Webアプリケーションディレクトリ [C:\Users\m-tys\Desktop\mizouchi\research\workspace\PADLA\release\apache-tomcat-8.5.34\webapps\examples] を配備します
16-Apr-2019 17:12:31.837 情報 [localhost-startStop-1] org.apache.jasper.servlet.TldScanner.scanJars At least one JAR was scanned for TLDs yet contained no TLDs. Enable debug logging for this logger for a complete list of JARs that were scanned but no TLDs were found in them. Skipping unneeded JARs during scanning can improve startup time and JSP compilation time.
16-Apr-2019 17:12:31.879 情報 [localhost-startStop-1] org.apache.catalina.startup.HostConfig.deployDirectory Deployment of web application directory [C:\Users\m-tys\Desktop\mizouchi\research\workspace\PADLA\release\apache-tomcat-8.5.34\webapps\examples] has finished in [361] ms
16-Apr-2019 17:12:31.880 情報 [localhost-startStop-1] org.apache.catalina.startup.HostConfig.deployDirectory Webアプリケーションディレクトリ [C:\Users\m-tys\Desktop\mizouchi\research\workspace\PADLA\release\apache-tomcat-8.5.34\webapps\host-manager] を配備します
16-Apr-2019 17:12:31.922 情報 [localhost-startStop-1] org.apache.jasper.servlet.TldScanner.scanJars At least one JAR was scanned for TLDs yet contained no TLDs. Enable debug logging for this logger for a complete list of JARs that were scanned but no TLDs were found in them. Skipping unneeded JARs during scanning can improve startup time and JSP compilation time.
16-Apr-2019 17:12:31.925 情報 [localhost-startStop-1] org.apache.catalina.startup.HostConfig.deployDirectory Deployment of web application directory [C:\Users\m-tys\Desktop\mizouchi\research\workspace\PADLA\release\apache-tomcat-8.5.34\webapps\host-manager] has finished in [45] ms
16-Apr-2019 17:12:31.926 情報 [localhost-startStop-1] org.apache.catalina.startup.HostConfig.deployDirectory Webアプリケーションディレクトリ [C:\Users\m-tys\Desktop\mizouchi\research\workspace\PADLA\release\apache-tomcat-8.5.34\webapps\jpetstore] を配備します
16-Apr-2019 17:12:33.630 情報 [localhost-startStop-1] org.apache.jasper.servlet.TldScanner.scanJars At least one JAR was scanned for TLDs yet contained no TLDs. Enable debug logging for this logger for a complete list of JARs that were scanned but no TLDs were found in them. Skipping unneeded JARs during scanning can improve startup time and JSP compilation time.
16-Apr-2019 17:12:37.466 情報 [localhost-startStop-1] org.apache.catalina.startup.HostConfig.deployDirectory Deployment of web application directory [C:\Users\m-tys\Desktop\mizouchi\research\workspace\PADLA\release\apache-tomcat-8.5.34\webapps\jpetstore] has finished in [5,540] ms
16-Apr-2019 17:12:37.466 情報 [localhost-startStop-1] org.apache.catalina.startup.HostConfig.deployDirectory Webアプリケーションディレクトリ [C:\Users\m-tys\Desktop\mizouchi\research\workspace\PADLA\release\apache-tomcat-8.5.34\webapps\manager] を配備します
16-Apr-2019 17:12:37.501 情報 [localhost-startStop-1] org.apache.jasper.servlet.TldScanner.scanJars At least one JAR was scanned for TLDs yet contained no TLDs. Enable debug logging for this logger for a complete list of JARs that were scanned but no TLDs were found in them. Skipping unneeded JARs during scanning can improve startup time and JSP compilation time.
16-Apr-2019 17:12:37.503 情報 [localhost-startStop-1] org.apache.catalina.startup.HostConfig.deployDirectory Deployment of web application directory [C:\Users\m-tys\Desktop\mizouchi\research\workspace\PADLA\release\apache-tomcat-8.5.34\webapps\manager] has finished in [37] ms
16-Apr-2019 17:12:37.504 情報 [localhost-startStop-1] org.apache.catalina.startup.HostConfig.deployDirectory Webアプリケーションディレクトリ [C:\Users\m-tys\Desktop\mizouchi\research\workspace\PADLA\release\apache-tomcat-8.5.34\webapps\ROOT] を配備します
16-Apr-2019 17:12:37.533 情報 [localhost-startStop-1] org.apache.jasper.servlet.TldScanner.scanJars At least one JAR was scanned for TLDs yet contained no TLDs. Enable debug logging for this logger for a complete list of JARs that were scanned but no TLDs were found in them. Skipping unneeded JARs during scanning can improve startup time and JSP compilation time.
16-Apr-2019 17:12:37.535 情報 [localhost-startStop-1] org.apache.catalina.startup.HostConfig.deployDirectory Deployment of web application directory [C:\Users\m-tys\Desktop\mizouchi\research\workspace\PADLA\release\apache-tomcat-8.5.34\webapps\ROOT] has finished in [31] ms
16-Apr-2019 17:12:37.543 情報 [main] org.apache.coyote.AbstractProtocol.start Starting ProtocolHandler ["http-nio-8080"]
16-Apr-2019 17:12:37.554 情報 [main] org.apache.coyote.AbstractProtocol.start Starting ProtocolHandler ["ajp-nio-8009"]
16-Apr-2019 17:12:37.557 情報 [main] org.apache.catalina.startup.Catalina.start Server startup in 6347 ms
16-Apr-2019 17:13:51.412 情報 [http-nio-8080-exec-3] org.apache.tomcat.util.http.parser.Cookie.logInvalidHeader A cookie header was received [/jpetstore] that contained an invalid cookie. That cookie will be ignored.Note: further occurrences of this error will be logged at DEBUG level.
16-Apr-2019 17:15:09.556 情報 [main] org.apache.catalina.core.StandardServer.await A valid shutdown command was received via the shutdown port. Stopping the Server instance.
16-Apr-2019 17:15:09.559 情報 [main] org.apache.coyote.AbstractProtocol.pause Pausing ProtocolHandler ["http-nio-8080"]
16-Apr-2019 17:15:09.682 情報 [main] org.apache.coyote.AbstractProtocol.pause Pausing ProtocolHandler ["ajp-nio-8009"]
16-Apr-2019 17:15:09.760 情報 [main] org.apache.catalina.core.StandardService.stopInternal サービス [Catalina] を停止します
16-Apr-2019 17:15:10.709 警告 [localhost-startStop-2] org.apache.catalina.loader.WebappClassLoaderBase.clearReferencesJdbc The web application [jpetstore] registered the JDBC driver [org.hsqldb.jdbc.JDBCDriver] but failed to unregister it when the web application was stopped. To prevent a memory leak, the JDBC Driver has been forcibly unregistered.
16-Apr-2019 17:15:10.712 警告 [localhost-startStop-2] org.apache.catalina.loader.WebappClassLoaderBase.clearReferencesThreads The web application [jpetstore] appears to have started a thread named [Thread-8] but has failed to stop it. This is very likely to create a memory leak. Stack trace of thread:
 java.net.SocketInputStream.socketRead0(Native Method)
 java.net.SocketInputStream.socketRead(Unknown Source)
 java.net.SocketInputStream.read(Unknown Source)
 java.net.SocketInputStream.read(Unknown Source)
 jp.naist.heijo.Connector.readRaw(Connector.java:52)
 jp.naist.heijo.Connector.read(Connector.java:42)
 jp.ac.osaka_u.ist.mymemcache.LevelChanger.run(LevelChanger.java:67)
16-Apr-2019 17:15:10.775 情報 [main] org.apache.coyote.AbstractProtocol.stop Stopping ProtocolHandler ["http-nio-8080"]
16-Apr-2019 17:15:10.788 情報 [main] org.apache.coyote.AbstractProtocol.stop Stopping ProtocolHandler ["ajp-nio-8009"]
16-Apr-2019 17:15:10.790 情報 [main] org.apache.coyote.AbstractProtocol.destroy Destroying ProtocolHandler ["http-nio-8080"]
16-Apr-2019 17:15:10.794 情報 [main] org.apache.coyote.AbstractProtocol.destroy Destroying ProtocolHandler ["ajp-nio-8009"]
